55
ཨ་ནི་འདི་ག་རེ།འོ།ཁོ་རང་ག་རེ
དེ་ནས་ཁོ་ཆུང་དུས་ནས་ཐུག་ཕམ
Sherab 22.txt འཕྲུལ་ཆས།__འཕྲུལ་ཆས་འགྲེལ་བརྗོད།.txt 

75
དེང་སང་གི་མི་རེད་བ།དེ་ཡག་པོ
འོ་དེ་ཡག་པོ་ལབ་སོང་།དངོས་གནས
Dorji Tsering58.txt ཆོས་ལུགས།__དེང་སང་གི་སྤྲུལ་སྐུའི་སྐོར།.txt 

[('Jampa 58.txt', 'གནས་ཚུལ།__གུར་དང་མཐུན་རྐྱེན།.txt'), 
('khar32.txt', 'གཞན་གྱི་སྐོར།__ཨ་ནེའི་སྐོར།.txt'), 
('palgun dawa 28.txt', 'སྐད་ཡིག__ཐ་སྙད་རྒྱུག་ཆེ་ཆུང་གི་སྐོར།.txt'), 
('Sherab 14.txt', 'ཆོས་ལུགས།__སྔགས་ཀྱི་སྐོར།.txt'), 
('Jampa 55.txt', 'ཟ་མ།__ཁ་ལག་ཟ་སྟངས་ཀྱི་སྐོར།.txt'), 
('Jampa 41.txt', 'ལམ་སྟོན།__ཕྱི་ལ་ཐོན་ཁར་མངགས་བྱ་བྱས་པ།.txt'), 
('Sherab 28.txt', 'འཕྲུལ་ཆས།__གློག་ཀླད་ཀྱི་སྐོར།.txt'), 
('palgun dawa 42.txt', 'བྱེད་སྒོ།__གྲྭ་ཤ་ག་གཙང་མ་བཟོ་བ།.txt'), 
('Sherab 30.txt', 'གནས་ཚུལ།__བཙོན་ཁང་གི་སྐོར།.txt'), 
('palgun dawa 2.txt', 'གནས་ཚུལ།__ཆུ་བཏང་བའི་སྐོར། .txt'), 
('shawo41.txt', 'ཟ་མ།__ཉིན་གུང་བཞེས་ལག་གི་སྦྱིན་བདག་གླེང་བ།.txt'), 
('Jampa 32.txt', 'ཆོས་ལུགས།__སྐྱབས་རྟེན་དང་མ་ཎི་རིལ་བུ།.txt'), 
('Jampa 36.txt', 'རང་གི་སྐོར།__རླངས་འཁོར་དུ་འགྲོ་བར་ཞེད་པ།.txt'), 
('palgun dawa 20.txt', 'གནས་ཚུལ།__གློག་བརྙན་ཞིག་གི་སྐོར་བཤད་པ། .txt'), 
('khar34.txt', 'ཟ་མ།__ཐབ་ཚང་དང་ཁ་ལག.txt'), 
('palgun dawa 26.txt', 'སྒྲ་འཇུག__སྒྲ་འཇུག་གི་དགོས་པ་བཤད་པ།.txt'), 
('Jampa 62.txt', 'གཞན་གྱི་སྐོར།__བུ་དེ་སླེབས་ཡོད་མེད་སྐད་ཆ་འདྲི་བ།.txt'), 
('khar29.txt', 'ཟ་མ།__ཨ་རག་གསར་རྙིང་། .txt'), 
('palgun dawa 39.txt', 'ཅི་འཕྲོས་མོལ་འཕྲོས།__ཁ་པར་བརྒྱབ་མིན་གྱི་སྐོར།.txt'), 
('palgun dawa 41.txt', 'ཟ་མ།__འཐེན་ཐུག་མངགས་ཉོང་བྱེད་པ།༡.txt'), 
('palgun dawa 15.txt', 'སྐད་ཡིག__བོད་སྐད་ཀྱི་རིན་ཐང་གླེང་བ།.txt'), 
('shawo47.txt', 'ལམ་སྟོན།__བརྟན་པོ་བཟོ་རོགས་བྱོས།.txt'), 
('palgun dawa 31.txt', 'ཟ་མ།__ཇ་དང་ཟ་མའི་སྐོར། .txt'), 
('Sherab 7.txt', 'རང་གི་སྐོར།__ནང་མིའི་སྐོར་གླེང་བ།.txt'), 
('Jampa 46.txt', 'ཟ་མ།__ཁ་སང་ཟ་མ་མ་ཟོས་པ་དང་རྙོག་དྲ་གཞན།.txt'), 
('Sherab 18.txt', 'བྱེད་སྒོ།__དགོན་པའི་དབྱར་གནས་སྐོར།.txt'), 
('palgun dawa 17.txt', 'ཆོས་ལུགས།__བླ་མ་རྒོད་ཚང་པའི་རྣམ་ཐར་འཚོལ་བ།༢.txt'), 
('Jampa 45.txt', 'ཅི་འཕྲོས་མོལ་འཕྲོས།__ཉོ་ཆ་དང་ཤག་རོགས་སྐོར།.txt'), 
('Jampa 61.txt', 'གཞན་གྱི་སྐོར།__སྣ་ཐ་གཅོད་པའི་སྐོར།.txt'), 
('shawo34.txt', 'གནས་ཚུལ།__དྲ་ལམ་བླུག་ཏུ་འགྲོ་དགོས་རབས་བཤད་པ། .txt'), 
('palgun dawa 36.txt', 'གནས་ཚུལ།__ཁང་གླ་གཏོང་ཚུལ་འདི་འདྲ་རེད།.txt'), 
('Jampa 57.txt', 'གནས་ཚུལ།__གུར་རྒྱག་སའི་ས་ཆའི་སྐོར།.txt'), 
('Sherab 10.txt', 'ལམ་སྟོན།__ཕན་ཚུན་ཚང་མས་མཐུན་སྒྲིལ་བྱེད་དགོས་ཚུལ་བཤད་པ།.txt'), 
('Sherab 11.txt', 'རང་གི་སྐོར།__དྲ་ཐོག་ནས་སྒེར་འབྲེལ་བྱས་པའི་སྐོར།.txt'), 
('palgun dawa 22.txt', 'སྐད་ཡིག__སྐད་དང་ཡི་གེའི་སྐོར་གླེང་བ།.txt'), 
('palgun dawa 40.txt', 'བྱེད་སྒོ།__དབྱར་གནས་དང་འབྲེལ་བའི་གཏམ་གླེང་།.txt'), 
('palgun dawa 10.txt', 'ཅི་འཕྲོས་མོལ་འཕྲོས།__གང་བྱུང་མང་བྱུང་བཤད་པ།.txt'), 
('Jampa 38.txt', 'གནས་ཚུལ།__ཆུ་ཚོད་བཤད་པ།.txt'), 
('palgun dawa 21.txt', 'དངུལ་དང་རྩིས།__རིན་པོ་ཆེར་སྒྲ་འཇུག་གནང་རོགས་ཞུས་པ།.txt'), 
('Sherab 13.txt', 'སློབ་སྦྱོང་།__དགེ་བཤེས་ཐོན་པའི་སྐོར།.txt'), 
('Sherab 4.txt', 'སློབ་སྦྱོང་།__དཔེ་ཀློག་གི་སྐོར། .txt'), 
('palgun dawa 9.txt', 'དངུལ་དང་རྩིས།__ཞབས་བརྟན་གྲངས་དང་ཚེས་གྲངས་སྐོར། .txt'), 
('shawo51.txt', 'ལམ་སྟོན།__ཡི་གེའི་འོག་ཏུ་ཐིག་རྒྱག་ཚུལ་བཤད་པ།༡.txt'), 
('Sherab 17.txt', 'བྱེད་སྒོ།__ཉིན་གཅིག་གི་བྱེད་སྒོ།.txt'), 
('palgun dawa 25.txt', 'སྐད་ཡིག__བསྟན་བཅོས་ཀྱི་སྐད་དང་དམངས་ཀྱི་སྐད།.txt'), 
('shawo36.txt', 'ལམ་སྟོན།__ཉར་ཚགས་བྱེད་སྟངས་སྐོར་བཤད་པ།༡.txt'), 
('palgun dawa 34.txt', 'ཆོས་ལུགས།__ཡོན་ཆབ་བཤམས་པ།.txt'), 
('palgun dawa 5.txt', 'དངུལ་དང་རྩིས།__རྩིས་དེ་འཁྲུག་སོང་ན་རྙོག་དྲ་རེད།.txt'), 
('Sherab 29.txt', 'གནས་ཚུལ།__རྙོག་དྲའི་སྐོར།.txt'), 
('Sherab 5.txt', 'སློབ་སྦྱོང་།__སློབ་སྦྱོང་གི་སྐོར།.txt'), 
('Jampa 43.txt', 'དངུལ་དང་རྩིས།__སང་ཉིན་གྱི་བཞེས་ལག་དང་འགྲོ་སོང་།.txt'), 
('Jampa 59.txt', 'འཕྲུལ་ཆས།__གློག་དང་ཁ་པར་ཨང་གྲངས།.txt'), 
('palgun dawa 8.txt', 'དངུལ་དང་རྩིས།__ཞབས་རིམ་གྱི་གྲངས་ཀའི་སྐོར།.txt'), 
('Sherab 21.txt', 'ལམ་སྟོན།__སྤྱོད་ལམ་སྐོར།.txt'), 
('Sherab 9.txt', 'ལམ་སྟོན།__མདུན་ལམ་ལམ་སྟོན།.txt'), 
('Sherab 25.txt', 'སྒྲ་འཇུག__སྒྲ་འཇུག་སྐབས་གཟབ་དགོས་པའི་སྐོར།.txt'), 
('Jampa 50.txt', 'རང་གི་སྐོར།__སེམས་ཁྲལ་བྱས་པའི་སྐོར།.txt'), 
('Jampa 40.txt', 'གཞན་གྱི་སྐོར།__བུ་མོ་ཞིག་གྲོངས་པའི་སྐོར།.txt'), 
('khar31.txt', 'བྱེད་སྒོ།__ཐོ་བཤེར། .txt'), 
('Jampa 49.txt', 'ཅི་འཕྲོས་མོལ་འཕྲོས།__ཐང་ཆད་པ་དང་ཚོང་གི་སྐོར།.txt'), 
('Jampa 44.txt', 'ལམ་སྟོན།__ཚལ་གཏུབ་སྟངས་དང་ལས་ཀ་མངགས་པ།.txt'), 
('shawo50.txt', 'ལམ་སྟོན།__ཡི་གེ་ཡག་པོ་སྦྱོང་དགོས་སྐོར་གྱི་ལམ་སྟོན།.txt'), 
('Jampa 52.txt', 'དངུལ་དང་རྩིས།__དངུལ་དང་གྲངས་ཀ.txt'), 
('Jampa 56.txt', 'གནས་ཚུལ།__ཁང་པའི་ནང་དུ་རྒྱུན་རིང་པོར་བསྡད་མཁན་གྱི་སྐོར།.txt'), 
('Sherab 15.txt', 'སྒྲ་འཇུག__སྒྲ་འཇུག་དང་འབྲེལ་ཡོད།.txt'), 
('Sherab 23.txt', 'སྒྲ་འཇུག__སྒྲ་འཇུག་བྱེད་པའི་དགོས་པ།.txt'), 
('Sherab 19.txt', 'བྱེད་སྒོ།__ཆོས་ར་ཚོགས་སྟངས།.txt'), 
('palgun dawa 4.txt', 'འཕྲོད་བསྟེན།__འཆམ་ནད་ཕོག་པ་དེ་དཀའ་ལས་ཞེ་པོ་ཞིག་འདུག.txt'), 
('palgun dawa 27.txt', 'སྐད་ཡིག__དབྱིན་ཇིའི་ཡིག་ཆད་སྐོར་ནས་གླེང་བ།.txt'), 
('palgun dawa 11.txt', 'ཆོས་ལུགས།__ཁ་ཆེའི་ལྟ་བ་གླེང་བ།.txt'), 
('Jampa 30.txt', 'གནས་ཚུལ།__ཁང་མིག་འཚོལ་བ་དང་སྐད་ཆ་འདྲི་བ།.txt'), 
('shawo35.txt', 'ལམ་སྟོན།__ཉར་ཚགས་བྱེད་སྟངས་སྐོར་བཤད་པ།.txt'), 
('palgun dawa 30.txt', 'གཞན་གྱི་སྐོར།__དྷ་སར་ཡོང་ཡོད་པའི་སྐོར། .txt'), 
('Jampa 48.txt', 'ཟ་མ།__དགོང་མོའི་ཁ་ལག་སྐོར།.txt'), 
('palgun dawa 13.txt', 'སྐད་ཡིག__དབྱིན་ཡིག་སྦྱོང་དགོས་རབས་བཤད་པ།.txt'), 
('palgun dawa 14.txt', 'སྐད་ཡིག__དབྱིན་ལན་གྱི་གནས་སྟངས་གླེང་བ།.txt'), 
('khar30.txt', 'ཟ་མ།__དགེ་རྒན་ལ་ཁ་ལག་སྤྲད་པ། .txt'), 
('shawo42.txt', 'ཅི་འཕྲོས་མོལ་འཕྲོས།__དཔར་སློག་གི་སྐོར་ནས་ཆོབ་བསླངས་པའི་སྐོར།.txt'), 
('khar33.txt', 'ལམ་སྟོན།__ལས་ཀར་མངགས་པ།.txt'), 
('palgun dawa 35.txt', 'དངུལ་དང་རྩིས།__ཤོག་དངུལ་གསེས་མ་བརྗེ་བ།.txt'), 
('Jampa 39.txt', 'དངུལ་དང་རྩིས།__དངུལ་གྱི་གྲངས་ཀ་དང་ཆམ་པའི་སྐོར།.txt'), 
('palgun dawa 43.txt', 'སློབ་སྦྱོང་།__འཛིན་རིམ་ཐོན་པའི་སྐོར་བཤད་པ། .txt'), 
('shawo45.txt', 'འཕྲུལ་ཆས།__གཏགས་པའི་ཡི་གེ་བརླག་ཚུལ་བཤད་པ།.txt'), 
('Jampa 47.txt', 'དངུལ་དང་རྩིས།__རྩིས་ཀྱི་སྐོར།.txt'), 
('Jampa 60.txt', 'ཆོས་ལུགས།__དུས་འཁོར་དབང་ཆེན་གྱི་སྐོར།.txt'), 
('shawo40.txt', 'གནས་ཚུལ།__ཆུ་ཚོད་གཉིས་དང་ཕྱེད་ཀ་ནས་འཛོམས་དགོས་རབས་བཤད་པ།.txt'), 
('palgun dawa 3.txt', 'ཆོས་ལུགས།__མཁན་རིན་པོ་ཆེ་ལ་ཕྱག་མོ་གཟིགས་དགོས་ཚུལ།.txt'), 
('palgun dawa 1.txt', 'གཞན་གྱི་སྐོར།__མི་ཞིག་གི་འདས་མཆོད་སྐོར། .txt'), 
('palgun dawa 33.txt', 'ཅི་འཕྲོས་མོལ་འཕྲོས།__ཁང་པ་སྐྱིད་པོ་ཡོད་རབས་བཤད་པ།.txt'), 
('Jampa 54.txt', 'ཟ་མ།__མོག་མོག་གི་སྐོར།.txt'), 
('Sherab 24.txt', 'ཅི་འཕྲོས་མོལ་འཕྲོས།__ཀུ་ཤུ་དང་སྐུ་ཞབས་ནོར་བ།.txt'), 
('palgun dawa 37.txt', 'ཆོས་ལུགས།__ནང་ཆོས་ངོ་སྤྲོད་དེ་ཡག་པོ་ཡོད་ཚུལ།.txt'), 
('palgun dawa 24.txt', 'འཕྲུལ་ཆས།__མི་དང་འཕྲུལ་ཆས་ཀྱི་ཁྱད་པར་བཤད་པ།.txt'), 
('palgun dawa 12.txt', 'སྐད་ཡིག__དབྱིན་ཡིག་བཀླགས་པའི་སྐོར།.txt'), 
('shawo48.txt', 'ལམ་སྟོན།__ཡི་གེའི་འོག་ཏུ་ཐིག་རྒྱག་ཚུལ་བཤད་པ།.txt'), 
('palgun dawa 29.txt', 'གནས་ཚུལ།__མདོ་སྨད་ཀྱི་རྗོང་ཆེན་བཞི།.txt'), 
('shawo39.txt', 'ཅི་འཕྲོས་མོལ་འཕྲོས།__ཅི་འཕྲོས་མོལ་འཕྲོས།.txt'), 
('Jampa 53.txt', 'ཟ་མ།__ཁ་ལག་བཟོ་བར་དུས་ཚོད་ཀྱིས་མ་འདང་བ།.txt'), 
('palgun dawa 38.txt', 'སྒྲ་འཇུག__སྒྲ་འཇུག་དང་འབྲེལ་བའི་སྐད་ཆ།.txt'), 
('Sherab 20.txt', 'འཕྲོད་བསྟེན།__མིག་གི་དཀའ་ངལ་སྐོར།.txt'), 
('Sherab 6.txt', 'མི་སྣ།__རྒྱལ་བ་རིན་པོ་ཆེའི་སྐོར།.txt'), 
('Dorji Tsering57.txt', 'ཅི་འཕྲོས་མོལ་འཕྲོས།__གང་བྱུང་མང་བྱུང་།.txt'), 
('shawo38.txt', 'འཕྲུལ་ཆས།__གློག་ཀླད་འཕྲོ་བརླག་ལ་འགྲོ་ཚུལ་བཤད་པ།.txt'), 
('Jampa 35.txt', 'ཆོས་ལུགས།__བསྔོ་རྟེན་དང་དངུལ་གྲངས།.txt'), 
('Jampa 51.txt', 'ཟ་མ།__ཟ་མ་དང་དངུལ་གྱི་སྐོར།.txt'), 
('shawo37.txt', 'རང་གི་སྐོར།__གོང་མ་གསུམ་ཆ་ནས་རང་བསྟོད་བཤད་པ།.txt'), 
('shawo43.txt', 'ལམ་སྟོན།__དཔར་སློག་དགོས་རབས་བཤད་པ།.txt'), 
('palgun dawa 16.txt', 'འཕྲོད་བསྟེན།__མིག་གི་སྐོར་བཤད་པ།.txt'), 
('shawo49.txt', 'སློབ་སྦྱོང་།__ཡིག་གཟུགས་བསླབ་པ།.txt'), 
('palgun dawa 18.txt', 'ཆོས་ལུགས།__བླ་མ་རྒོད་ཚང་པའིརྣམ་ཐར་འཚོལ་བ།༡.txt'), 
('Sherab 27.txt', 'སྒྲ་འཇུག__སྒྲ་འཇུག་ལ་བསྐྱར་ཉན་བྱེད་པ།.txt'), 
('shawo44.txt', 'གནས་ཚུལ།__ཚོགས་འདུའི་སྐོར་བཤད་པ།.txt'), 
('palgun dawa 7.txt', 'སྐད་ཡིག__དེབ་ཀྱི་སྐོར།.txt'), 
('palgun dawa 19.txt', 'སྐད་ཡིག__རྒྱུན་ལྡན་གྱི་སྐད་དེ་གལ་ཆེན་རབས་བཤད་པ།.txt'), 
('palgun dawa 23.txt', 'གཞན་གྱི་སྐོར།__ཚེ་རིང་དཔལ་ལྡན་འཚོལ་བ།.txt'), 
('Jampa 31.txt', 'བྱེད་སྒོ།__མཆོད་པ་གཤེག་པའི་སྐོར།.txt'), 
('shawo46.txt', 'སློབ་སྦྱོང་།__དབྱིན་ཇིའི་ཡིག་ཚད་གླེང་བ།.txt'), 
('shawo52.txt', 'མི་སྣ།__རིན་པོ་ཆེན་ཁ་ཤས་ཤིག་གི་ཡོན་ཏན་གླེང་བ།.txt'), 
('Jampa 37.txt', 'ཟ་མ།__ཁ་ལག་བཟོ་བ།.txt'), 
('Sherab 16.txt', 'བྱེད་སྒོ།__སློབ་གྲྭའི་འགྲོ་སྟངས། .txt'), 
('Jampa 34.txt', 'ཆོས་ལུགས།__སྐྱབས་རྟེན་དང་བསྔོ་རྟེན།.txt'), 
('Jampa 42.txt', 'ཟ་མ།__ཇ་དང་ཆུ་ཡི་སྐོར།.txt'), 
('Sherab 12.txt', 'བྱེད་སྒོ།__ཉིན་རེའི་བྱེད་སྒོ།.txt'), 
('Sherab 32.txt', 'ཅི་འཕྲོས་མོལ་འཕྲོས།__སྒོར་མོ་ལྔ་བརྒྱ་ཅན་གྱི་ཅ་ལག་དེ་ཉོ་འདོད་རབས།.txt'), 
('Sherab 8.txt', 'ལམ་སྟོན།__ཕྲུ་གུའི་འདུན་ལམ་ལམ་སྟོན།.txt'), 
('palgun dawa 32.txt', 'འཕྲོད་བསྟེན།__ང་ཟི་ལིང་ལ་སྨན་པ་བསྟེན་དུ་སོང་བ་ཡིན། .txt')]
128
