

84
འོ་ རེད་ ད། ད་ དེང་སང་ སློབ་སྦྱོང་ བྱེད
ཨང་གྲངས་བདུན་ཅུ་དོན་དགུ་པ།འོ་རེད
khar14.txt Khando Dolma__79མཚོ་མོའི་སློབ་སྦྱོང་།.txt

87
ད་ག་རེ་ མཚོ་མོ་ སུ་ རེད། ཁྱེད་རང
ཨང་གྲངས་བདུན་ཅུ་དོན་བརྒྱད་པ།ད་ག
khar13.txt Khando Dolma__78མཚོ་མོའི་ནོར་འཁྲུལ།.txt

81
འོ་ ལགས་སོ། །ཨ་ནི། ཨ་ནི་ ཁྱེད་རང་ཚོ ར
ཨང་གྲངས་བརྒྱད་ཅུ་གྱ་གསུམ་པ།འོ་ལགས
khar15.txt Khando Dolma__83དེབ་ཆོས་ཉོ་བ།.txt

84
ལགས་སོ།རྒན་ རྡོ་རྗེ་དབང་རྒྱལ་ ལགས། ད་ ང
ཨང་གྲངས་ཉི་ཤུ་རྩ་གཅིགལགས་སོ།།རྒན་རྡོ
khar17.txt Khando Dolma__REC004_1.txt

55
རྡོ་རྗེ། དེ་རིང་ ཧ་ཡང་ ཆེན་པོ་ དེ
འོ་རེད་རེད།ད་རྡོ་རྗེ་འདིའི།དེ་རིང་ཧ
Dorji Tsering4.txt Dawa__10སྡེར་མའི་རིགས་དང་མང་ཉུང་།.txt

[('khar14.txt', 'Khando Dolma__79མཚོ་མོའི་སློབ་སྦྱོང་།.txt'),
('khar13.txt', 'Khando Dolma__78མཚོ་མོའི་ནོར་འཁྲུལ།.txt'),
('khar15.txt', 'Khando Dolma__83དེབ་ཆོས་ཉོ་བ།.txt'),
('khar17.txt', 'Khando Dolma__REC004_1.txt'),
('Dorji Tsering4.txt', 'Dawa__10སྡེར་མའི་རིགས་དང་མང་ཉུང་།.txt')]