54
ད་འདི་སྤྲད་ཡོད་པ་མ་རེད།སྟོང་མཆོད
འཆམ་ཙམ་ བྱས། འཆམ་འཆམ་ ཅིག ལུས་སྦྱོང་ ཅིག་ བྱས། ཁ
Speech_Natural_ཆོས་ལུགས།_21_ཞལ་འདེབས་སྐོར།.txt khar31.txt

75
མང་དུ་མང་དུ་ཆགས་ཀྱི་འདུག་དེ
ང་ ད་གིན་ ཁྱེད་རང་ ནང་ལ་ འཛུལ
Speech_Natural_རང་གི་སྐོར།_07_ལས་ཀའི་སྐོར།.txt Sherab 27.txt

47
ཕྲུ་གུ་དེ་ལབ་དུས་གད་མོ་ཤོར
ད་ དེ་འདྲ འི་ བྱས་ན་ མི་ དེ་ཚོས
Speech_Natural_ཆོས་ལུགས།_04_སྐྱེ་བ་སྔ་ཕྱིའི་སྐོར་རྩོད་པ།.txt Sherab 21.txt

62
ཇ་ཞེ་པོ་ཞིག་བཟོ་དགོས་ཡོད།མཚམས་མཚམས
ཁོག་ལྡིར་ རག་ སོང་ངས། མར་ རག་ སོང་ངས། རག
Speech_Natural_ཟ་མ།_12_ཇ་ཡི་སྐོར།.txt khar34.txt

63
ལས་ཀ་བྱེད་ཉན་ནི་ཡོད་མ་རེད
དཀོན་ཅོག་ ཡིད་བཞིན་ནོར་བུ་ ཟེར་ གྱི
Speech_Natural_འཕྲུལ་ཆས།_05_བརྙན་གྱི་སྐོར།.txt Sherab 28.txt

54
ཁོ་ཚོ་ལ་དམིགས་གསལ་ཅིག་ག་རེ
དེང་སང་བག་ལེབ་ཁྱད་མཚར་ཞེ་པོ
Speech_Natural_ཆོས་ལུགས།_22_ཡེ་ཤིས་ཆོས་ཀྱི་ཕན་གནོད་བཤད་པ།༢.txt palgun dawa 41.txt

68
འོ་དེ་ཡག་པོ་ལབ་སོང་།དངོས་གནས
དེང་སང་གི་མི་རེད་བ།དེ་ཡག་པོ
Speech_Natural_ཆོས་ལུགས།_16_དེང་སང་གི་སྤྲུལ་སྐུའི་སྐོར།.txt Dorji Tsering58.txt

48
ང་ཚོའི་སྤུན་སྐྱ་(སྤུན་མཆེད)ཨ་ནེ་ལགས།ད
﻿འོ་དེའི་མགོ་དེར་ཡིག་ཚང་ཟེར་བྲིས
Speech_Natural_གནས་ཚུལ།_21_ལས་ཀའི་དུས་ཡུན་རྫོགས་གྲབས་ཡིན་པ།.txt palgun dawa 34.txt

56
ག་རེ་རེད་དགོས།འོ་ཐེ་ཚོམ་ཅི་ཡང
དེང་སང་བག་ལེབ་ཁྱད་མཚར་ཞེ་པོ
Speech_Natural_ཆོས་ལུགས།_23_ཡེ་ཤུ་ཆོས་ཀྱི་ཕན་གནོད་བཤད་པ།.txt palgun dawa 41.txt

51
བསམ་ཚུལ་གཞན་པ་ཞིག་བཏོན་སོང་བ།ཨ
ཤོག་ལེབ་དཔེ་མང་པོ་འགྲོ་སོང་དེ
Speech_Natural_ལམ་སྟོན།_15_ཚོགས་པས་གྲོས་བསྡུར་ལ་བསམ་འཆར་བཏོན་པ།༡.txt palgun dawa 42.txt

56
ཁ་སང་ང་ཚོ་(ཌལ་ཧོའོ་སི་)ལ
ཚེ་རིང་ སླེབས་ སོང་ངོ་ །ཚེ་འཕེལ་ ཡ། འོ
Speech_Natural_ལམ་སྟོན།_21_ས་ཆ་ནས་ས་ཆ་ལ་འགྲོ་སྟངས།.txt khar30.txt

47
ང་ཚོ་མི་དྲུག་ཡོད་པ།ཁོ་ལ་མི
དེ་རིང་དགོང་དག་གཞི་ནས་དྲི་བ
Speech_Natural_སྒྲ་འཇུག_12_སྒྲ་ལེན་ཡུལ།.txt Sherab 4.txt

71
ང་ཚོ་མི་དྲུག་ཡོད་པ།ཁོ་ལ་མི
ཉི་མ་ ག་ཚོད་ བཏག་ དགོས་ རེད། ད་ དེ། ཨ། གཅིག ཁོ
Speech_Natural_སྒྲ་འཇུག_12_སྒྲ་ལེན་ཡུལ།.txt Sherab 25.txt

70
འཕྲིན་བཅོལ་ཁང་ལ་གཡོག་པོ་རྒྱུག་བསྡད
﻿ཚར་གཉིས་སླེབས་བྱུང་།ཆུ་ཡོད་མ་རེད།ཁང
Speech_Natural_ཅི་འཕྲོས་མོལ་འཕྲོས།_16_དེང་སང་བུ་མོ་དེ་ཚོ་དེ་འདྲ་རེད་འདུག.txt palgun dawa 36.txt

50
བསྐྱེད་རིམ་པ་དེ་ལ་ཡང་དགེ་སློང
ཇ་མངར་མོ།མངར་མོ་བཏབ་ཡོད་ས་མ
Speech_Natural_ཆོས་ལུགས།_08_གྲྭ་ཚང་གི་འདོན་ཆོས་སྐོར།.txt Sherab 18.txt

60
ཁ་པར་དེ་ཚུར་བཞགཁྱེད་རང་པར་ཆས
འདི་ ཁོ་ ཐུག་ མ་སོང་ །སྒྲ་འཇུག སྒྲ་ ཡིན
Speech_Natural_འཕྲུལ་ཆས།_01_ཁྱེད་རང་གི་པར་ཆས།.txt Sherab 24.txt

58
ན་ནིང་ཁོང་ཚོས་ཕ་གི་ལས་ཀ
སིལ་མ་འདུག་པས།སིལ་མ་ཡོད་ན་མེད
Speech_Natural_འཕྲོད་བསྟེན།_12_ཨ་ནེ་ཞིག་གི་མཁལ་མ་ནད་པ་ཡིན་རབས་བཤད་པ།.txt palgun dawa 35.txt

47
Offབྱེད་ཆོག་གི་མ་རེད་པས།བྱེད་ཆོག་གི
ཞེ་དྲག་ཁྱད་པར་ཡོད་མ་རེད།དེ་ཚུགས
Speech_Natural_སྒྲ་འཇུག_08_སྒྲ་འཇུག་བྱེད་པ།.txt shawo51.txt

47
Offབྱེད་ཆོག་གི་མ་རེད་པས།བྱེད་ཆོག་གི
དེ་རིང་དགོང་དག་གཞི་ནས་དྲི་བ
Speech_Natural_སྒྲ་འཇུག_08_སྒྲ་འཇུག་བྱེད་པ།.txt Sherab 4.txt

47
Offབྱེད་ཆོག་གི་མ་རེད་པས།བྱེད་ཆོག་གི
﻿དམངས་ཀྱིས་ག་རེ་བེད་སྤྱོད་གཏོང་གི
Speech_Natural_སྒྲ་འཇུག_08_སྒྲ་འཇུག་བྱེད་པ།.txt palgun dawa 28.txt

51
ཅིག་གི་ཡང་དཔའ་བོ་གྲོངས་ཤག་ཟེར
དེང་སང་ད་ རྒྱ་གར་ སློབ་གྲྭ་ ལས
Speech_Natural_ཆོས་ལུགས།_20_མི་མང་པོ་ཞིག་གི་འདས་མཆོད་ཕུལ་བ།.txt palgun dawa 33.txt

48
དེ་ནས་ཡི་གེ་འདྲ་བོ་ཡག་པོ
ག་པར་ འགྲོ་སོང་ ལབ་ན། རྩོད་པ་ འགྲོ
Speech_Natural_ལམ་སྟོན།_06_ཐག་རིང་ནས་ནང་གི་ཕྲུ་གུ་ཚོར་བསྐུལ་མ་གཏོང་བ། .txt Sherab 32.txt

61
ཚེ་རིང་ལྷ་མོ་བཅུ་བཞི་རེད་འདུག
ཕུན་ཚོགས་ཟླ་སྒྲོལ། ཕུན་ཚོགས་ཟླ་སྒྲོལ། སྐུ་མཁྱེན
Speech_Natural_གནས་ཚུལ།_20_འོས་ཤོག་གྲངས་ཀ་རྒྱག་པ།.txt khar33.txt

53
ཝེ།རྟོགས་བརྗོད་དཔག་བསམ་འཁྲི་ཤིང་ཤེས་བྱའི
ངས་ གཞས་ མང་པོ་ བཏང་ ཡིན་ད་ སླེབས
Speech_Natural_ཆོས་ལུགས།_13_རྟོགས་བརྗོད་སྐོར་གླེང་པ།.txt Sherab 31.txt

Sherab 4.txt was found 2 times.
palgun dawa 41.txt was found 2 times.
Speech_Natural_སྒྲ་འཇུག_08_སྒྲ་འཇུག་བྱེད་པ།.txt was found 3 times.
Speech_Natural_སྒྲ་འཇུག_12_སྒྲ་ལེན་ཡུལ།.txt was found 2 times.
3 files were found 2 times
1 files were found 3 times
[('Speech_Natural_ཆོས་ལུགས།_21_ཞལ་འདེབས་སྐོར།.txt', 'khar31.txt'),
('Speech_Natural_རང་གི་སྐོར།_07_ལས་ཀའི་སྐོར།.txt', 'Sherab 27.txt'),
('Speech_Natural_ཆོས་ལུགས།_04_སྐྱེ་བ་སྔ་ཕྱིའི་སྐོར་རྩོད་པ།.txt', 'Sherab 21.txt'),
('Speech_Natural_ཟ་མ།_12_ཇ་ཡི་སྐོར།.txt', 'khar34.txt'),
('Speech_Natural_འཕྲུལ་ཆས།_05_བརྙན་གྱི་སྐོར།.txt', 'Sherab 28.txt'),
('Speech_Natural_ཆོས་ལུགས།_22_ཡེ་ཤིས་ཆོས་ཀྱི་ཕན་གནོད་བཤད་པ།༢.txt', 'palgun dawa 41.txt'),
('Speech_Natural_ཆོས་ལུགས།_16_དེང་སང་གི་སྤྲུལ་སྐུའི་སྐོར།.txt', 'Dorji Tsering58.txt'),
('Speech_Natural_གནས་ཚུལ།_21_ལས་ཀའི་དུས་ཡུན་རྫོགས་གྲབས་ཡིན་པ།.txt', 'palgun dawa 34.txt'),
('Speech_Natural_ཆོས་ལུགས།_23_ཡེ་ཤུ་ཆོས་ཀྱི་ཕན་གནོད་བཤད་པ།.txt', 'palgun dawa 41.txt'),
('Speech_Natural_ལམ་སྟོན།_15_ཚོགས་པས་གྲོས་བསྡུར་ལ་བསམ་འཆར་བཏོན་པ།༡.txt', 'palgun dawa 42.txt'),
('Speech_Natural_ལམ་སྟོན།_21_ས་ཆ་ནས་ས་ཆ་ལ་འགྲོ་སྟངས།.txt', 'khar30.txt'),
('Speech_Natural_སྒྲ་འཇུག_12_སྒྲ་ལེན་ཡུལ།.txt', 'Sherab 4.txt'),
('Speech_Natural_སྒྲ་འཇུག_12_སྒྲ་ལེན་ཡུལ།.txt', 'Sherab 25.txt'),
('Speech_Natural_ཅི་འཕྲོས་མོལ་འཕྲོས།_16_དེང་སང་བུ་མོ་དེ་ཚོ་དེ་འདྲ་རེད་འདུག.txt', 'palgun dawa 36.txt'),
('Speech_Natural_ཆོས་ལུགས།_08_གྲྭ་ཚང་གི་འདོན་ཆོས་སྐོར།.txt', 'Sherab 18.txt'),
('Speech_Natural_འཕྲུལ་ཆས།_01_ཁྱེད་རང་གི་པར་ཆས།.txt', 'Sherab 24.txt'),
('Speech_Natural_འཕྲོད་བསྟེན།_12_ཨ་ནེ་ཞིག་གི་མཁལ་མ་ནད་པ་ཡིན་རབས་བཤད་པ།.txt', 'palgun dawa 35.txt'),
('Speech_Natural_སྒྲ་འཇུག_08_སྒྲ་འཇུག་བྱེད་པ།.txt', 'shawo51.txt'),
('Speech_Natural_སྒྲ་འཇུག_08_སྒྲ་འཇུག་བྱེད་པ།.txt', 'Sherab 4.txt'),
('Speech_Natural_སྒྲ་འཇུག_08_སྒྲ་འཇུག་བྱེད་པ།.txt', 'palgun dawa 28.txt'),
('Speech_Natural_ཆོས་ལུགས།_20_མི་མང་པོ་ཞིག་གི་འདས་མཆོད་ཕུལ་བ།.txt', 'palgun dawa 33.txt'),
('Speech_Natural_ལམ་སྟོན།_06_ཐག་རིང་ནས་ནང་གི་ཕྲུ་གུ་ཚོར་བསྐུལ་མ་གཏོང་བ། .txt', 'Sherab 32.txt'),
('Speech_Natural_གནས་ཚུལ།_20_འོས་ཤོག་གྲངས་ཀ་རྒྱག་པ།.txt', 'khar33.txt'),
('Speech_Natural_ཆོས་ལུགས།_13_རྟོགས་བརྗོད་སྐོར་གླེང་པ།.txt', 'Sherab 31.txt')]
24