75
﻿གཅིག རེད རེད། དེའདྲ འི རེད། ད འདི ས
རེདརེད།འོདེའདྲའིརེད།སྤྱིར
khando2.txt Kunkyab__༡༦་དྲ་ལམ་སློབ་ཚན་དཀའངལ་ལ་གདོང་ལེན།.txt 

67
ཁྱེདརངགོངམརིན
རེདརེད།དདེནསཁྱོད
Jampa 7.txt Kunkyab_༡༣__ལམ་རིམ་བློ་སྦྱོང་སྐོར་ལ་གྲོས་བསྡུར་བྱེད་པ།༡.txt 

81
འོ ལགསསོ། །ཨནི། ཨནི
ཨངགྲངསབརྒྱདཅུགྱ
khar15.txt Khando Dolma_83 ་དེབ__83དེབ་ཆོས་ཉོ་བ།.txt 

87
དགརེ མཚོམོ
ཨངགྲངསབདུནཅུདོན
khar13.txt Khando Dolma_78་__78མཚོ་མོའི་ནོར་འཁྲུལ།.txt 

84
འོ རེད ད། ད དེངསང
ཨངགྲངསབདུནཅུདོན
khar14.txt Khando Dolma_79་__79མཚོ་མོའི་སློབ་སྦྱོང་།.txt 


84
ལགསསོ།རྒན རྡོརྗེདབང
ཨངགྲངསཉིཤུརྩ
khar17.txt Khando Dolma21འཛིན་གྲྭའི་འདུ་འཛོམས།__REC004_1.txt 

77
རེདརེད།དགྲའདུལདདེ
གཅིགརེདརེད།དགྲའདུལ།དདེརིང
Jampa 11.txt Sangye Khar_འདྲ་པཡོད་པ།__སྔོ་ཚལ་སྐོར།.txt 

Kunkyab_༡༣__ལམ་རིམ་བློ་སྦྱོང་སྐོར་ལ་གྲོས་བསྡུར་བྱེད་པ།༡.txt was found 2 times.
Jampa 11.txt was found 2 times.
khando2.txt was found 2 times.
Jampa 7.txt was found 2 times.
4 files were found 2 times
[('20 Chokdup.txt', 'Kunkyab__3ཉལ་ཁང་གཙང་སྦྲ་དང་ལས་གཞི་གོ་སྒྲིག་བྱེད་པ།.txt'), 
('1 Chokdup.txt', 'Kunkyab_23བླ་མས་སློབ་མར__བླ་མས་སློབ་མ་རྣམས་ལ་སྡོམ་པ་ལེན་འཇུག་པ༡.txt'), 
('khar19.txt', 'Khando Dolma33མགྱོགས་པོ་བྱས་ནས་མང་པོ་འདོན་པ།__REC018_1.txt'), 
('Dorji Tsering1.txt', 'Jampa__2ཚེ་རིང་གིས་བཀྲ་ཤིས་གཉིད་དཀྲོགས་པ།.txt'), 
('khar21.txt', 'Khando Dolma_4ཕ་མའི་བཀའ་དྲིན་སྐོར།__REC0013_1.txt'), 
('4 Chokdup.txt', 'Kunkyab_47།__བརྙན་ལེན་སྟངས་དང་བརྙན་སྒྲིག་སྟངས༢.txt'), 
('khar16.txt', 'Khando Dolma_12 ཤེས་ཡོན།__12ཤེས་ཡོད་སྦྱོང་པའི་དགེ་མཚན་དང་་་་.txt'), 
('khando38.txt', 'Kunkyab_45པ།__གནམ་གཤིས་འགྱུར་བ་འགྲོ་བ༡.txt'), 
('Jampa 26.txt', 'Dawa_8དགེ་རྒན་དང་བླ་མའི་ཡོན་ཏན།__REC005_1.txt'), 
('khar2.txt', 'Khando Dolma_24།__24 བླ་མས་སློབ་མ་རྣམས་ལ་ངེས་འབྱུང་སྐྱེ་འཇུག་པ (2).txt'), 
('Dorji Tsering7.txt', 'Jampa__74བཀྲིས་མཚོ་མོར་སེམས་གསོ་བྱེད་པ།.txt'), 
('Jampa 2.txt', 'Dawa_48__འཛིན་གྲའི་སློབ་མའི་གནས་སྟངས་སྐོར།2.txt'), 
('Shawo1.txt', 'Chokdup_36__ཕན་ཚུན་སྐུལ་མ་བྱས་ནས་འདུལ་ཁྲིམས་སྲུང་པ།1.txt'), 
('19 Chokdup.txt', 'Kunkyab_17།__བོད་སྐད་སློབ་པ་དང་སྦྱོང་བའི་སྐོར༤.txt'), 
('khando10.txt', 'Sangye Khar_32།__བསྐང་གསོལ་སྐོར༡.txt'), 
('Dorji Tsering11.txt', 'Jampa_4གནའ་བོའི་དམ་པ་གོང་མ་རྣམས།__REC011_1.txt'), 
('khando20.txt', 'Sangye Khar_68།__སྐྱབས་འགྲོ་དང་ལམ་རིམ་བློ་སྦྱོང་སྐོར༣.txt'), 
('khando2.txt', 'Sangye Khar_འདྲ་པོ་ཡོཔ།__16skypeབརྒྱུད་སློབ་ཚན་འཁྲིད་སྟངས་་་་.txt'), 
('17 Chokdup.txt', 'Kunkyab_17།__བོད་སྐད་སློབ་པ་དང་སྦྱོང་བའི་སྐོར༢.txt'), 
('Jampa 9.txt', 'Dawa_13__བླ་མ་བསྟེན་ཚུལ་དང་། འཆི་བ། ལས་དབང་།3.txt'), 
('shawo23.txt', 'shawo dolma_4སྒྲིག་ཁྲིམས་ཀྱི་ཐོག་ལ་གྲོས་བསྡུར་བྱེད་པའི་སྐོར།__REC010_4.txt'), 
('2 Chokdup.txt', 'Kunkyab_23བླ་མས་སློབ་མར__བླ་མས་སློབ་མ་རསནམས་ལ་སྡོམ་པ་ལེན་འཇུག་པ༢.txt'), 
('khar12.txt', 'Khando Dolma_20 བ།__20འཛིན་གྲྭ་མི་གཡོལ་པ.txt'), 
('Jampa 10.txt', 'Dawa_13__བླ་མ་བསྟེན་ཚུལ་དང་། འཆི་བ། ལས་དབང་།4.txt'), 
('Jampa 7.txt', 'Dawa_13__བླ་མ་བསྟེན་ཚུལ་དང་། འཆི་བ། ལས་དབང་།1.txt'), 
('Jampa 29.txt', 'Dawa_81__དགོན་པར་མཇལ་བསྐོར།2.txt'), 
('Sherab 3.txt', 'Thenley_Sherab__སྒྲ་འཇུག་ ༢.txt'), 
('khando18.txt', 'Sangye Khar_68།__སྐྱབས་འགྲོ་དང་ལམ་རིམ་བློ་སྦྱོང་སྐོར༡.txt'), 
('shawo15.txt', 'shawo dolma62དགེ་འདུན་པའི་གྲངས་ཀ__REC015_3.txt'), 
('palgun dawa 45.txt', 'Kunkyab_36ཕན་ཚུལ།__ཕན་ཚུན་སྐུལ་མ་བྱས་ནས་འདུལ་ཁྲིམས༢.txt'), 
('shawo22.txt', 'shawo dolma_4སྒྲིག་ཁྲིམས་ཀྱི་ཐོག་ལ་གྲོས་བསྡུར་བྱེད་པའི་སྐོར།__REC010_3.txt'), 
('Dorji Tsering14.txt', 'Jampa54ཚོགས་ཁང་གཙང་མ་བཟོ་བ།__REC022_2.txt'), 
('khando3.txt', 'Sangye Kha__70བཙུན་དགོན་ལ་ཞལ་ལག་དང་ཅ་དངོས་འབུལ་བ།.txt'), 
('shawo11.txt', 'shawo dolma8འཛིན་གྲོགས་ག་འདྲ་བསྟེན་དགོས་མིན།__REC001_2.txt'), 
('shawo18.txt', 'shawo dolma27 སློབ་སྦྱོང་གི་བརྒྱྱད་རིམ།__00000_1.txt'), 
('khar25.txt', 'Khando Dolma51ཆོས་ཀྱི་བྱེད་སྒོ་ཞིག་གི་སྔོན་དུ__REC002_1.txt'), 
('khar18.txt', 'Khando Dolma1འཛིན་གྲྭའི་འདུ་འཛོམས།__REC004_2.txt'), 
('7 Chokdup.txt', 'Kunkyab_66།__བོད་སྐད་ཡིག་གི་གནས་ཚད་མཐོ་རུ་གཏོང་སྟངས༢.txt'), 
('Jampa 21.txt', 'Dawa_55__གསང་སྤྱོད་ཀྱི་སྐོར།2.txt'), 
('khando4.txt', 'Sangye Kha__སྐྱོན་བརྗོད་དང་གསལ་བཤད།.txt'), 
('khar1.txt', 'Khando Dolma_སློབ་མ་རྣམས་ལ་ངེས་འབྱུང་སྐྱེས་པའི་རོགས་པ་བྱེད་པ__22.txt'), 
('21 Chokdup.txt', 'Kunkyab__7གདོང་པ་ཁྲུས.txt'), 
('12 Chokdup.txt', 'Kunkyab_༡༣སྡུར་བྱེད་པ།__ལམ་རིམ་བློ་སྦྱོང་སྐོར་ལ་གྲོས་བརྡུར་བྱེད་པ༣.txt'), 
('khando14.txt', 'Sangye Khar_77སློ།  གློ་རྒྱག་པ།__སློབ་མ་མགོ་ན་བ་དང་་། གློ་རྒྱག་པ༡.txt'), 
('shawo19.txt', 'shawo dolma7 སློབ་སྦྱོང་གི་བརྒྱྱད་རིམ།__00000_2.txt'), 
('shawo28.txt', 'shawo dolma_དྲ་ལམ་བརྒྱུད་ནས་བསྡུས་གྲྭ་ཁྲིད་པ།__15_3.txt'), 
('Jampa 24.txt', 'Dawa_69__བླ་མས་ཆོས་ཀྱི་མཇུག་སྡོམ་གནད་བསྡུས་གསུངས་པ།1.txt'), 
('Jampa 15.txt', 'Dawa_35__མི་གཅིག་གིས་དགེ་བའི་ལས་གང་བསྒྲུབས་པ་དེའི་སྐོར།2.txt'), 
('khando11.txt', 'Sangye Khar_32།__བསྐང་གསོལ་སྐོར༢.txt'), 
('23 Chokdup.txt', 'Kunkyab__58པར་སྐྲུན་འཕྲུལ་ཆས་ཀྱི་སྐོར། 5.txt'), 
('22 Chokdup.txt', 'Kunkyab__53ཚེ་རིང་ཉལ་ཁང་དུ་ལོག ༡.txt'), 
('khando40.txt', 'Kunkyab_57ཁ་ལག་དང་། ་ཁག__ཁ་ལག་དང་ཉིན་རེའི་དགོས་མཁོ༡.txt'), 
('khando19.txt', 'Sangye Khar_68སྐྱབས་འགྲ།__སྐྱབས་འགྱོ་དང་ལམ་རིམ་བློ་སྦྱོང་སྐོར༢.txt'), 
('Jampa 20.txt', 'Dawa_55__གསང་སྤྱོད་ཀྱི་སྐོར།1.txt'), 
('khar24.txt', 'Khando Dolma_46འཛིན་གྲྭའི་རེའི་མིག__REC009.txt'), 
('Jampa 6.txt', 'Dawa_67__ལྷ་ཁང་དང་ཡུལ་ལྗོངས་གཙང་མ་བཟོ་བ།2.txt'), 
('14 Chokdup.txt', 'Kunkyab_༡༣།__ལམ་རིམ་བློ་སྦྱོང་སྐོར་ལ་གྲོས་བསྡུར་བྱེད་པ༥.txt'), 
('11 Chokdup.txt', 'Kunkyab_༡༣།__ལམ་རིམ་བློ་སྦྱོང་སྐོར་ལ་གྲོས་བསྡུར་བྱེད་པ༢.txt'), 
('Dorji Tsering10.txt', 'Jampa___19 དད་པའི་དགེ་མཚན་དང་བླ་མའི་ཡོན་ཏན.txt'), 
('Jampa 16.txt', 'Dawa_43__གུས་ཞབས་བྱས་འི་ཕན་ཡོན1.txt'), 
('Dorji Tsering3.txt', 'Jampa__6 ཕྱི་ལོགས་ལ་འགྲོ་དུས་་་་་་.txt'), 
('Dorji Tsering15.txt', 'Jampa_3གཞན་ལ་ཞེ་སྡང་དང་ང་རྒྱལ་འགོག་པ།__REC029_1.txt'), 
('shawo29.txt', 'shawo dolma_དྲ་ལམ་བརྒྱུད་ནས་བསྡུས་གྲྭ་ཁྲིད་པ།__15_5.txt'), 
('Jampa 4.txt', 'Dawa_49__བཙུན་དགོན་དུ་རིན་པོ་ཆེ་ཆོས་གསུང་ཀ་ཕེབས་པ།2.txt'), 
('Sherab 2.txt', 'Thenley_Sherab__སྒྲ་འཇུག ༡.txt'), 
('Sherab 1.txt', 'Thenley_Sherab__སྒྲ་འཇུག་ ༣.txt'), 
('shawo14.txt', 'shawo dolma62དགེ་འདུན་པའི་གྲངས་ཀ__REC015_2.txt'), 
('shawo30.txt', 'shawo dolma26བསྡུས་གྲྭ་བསྐྱར་སྦྱོང་།__REC001_1.txt'), 
('10 Chokdup.txt', 'Kunkyab_༡༣__ལམ་རིམ་བློ་སྦྱོང་སྐོར་ལ་གྲོས་བསྡུར་བྱེད་པ།༡.txt'), 
('Dorji Tsering17.txt', 'Jampa9གཞན་ལ་ཞེ་སྡང་དང་ང་རྒྱལ་འགོག་པ།__REC029_3.txt'), 
('shawo27.txt', 'shawo dolma_དྲ་ལམ་བརྒྱུད་ནས་བསྡུས་གྲྭ་ཁྲིད་པ།__15_2.txt'), 
('Jampa 17.txt', 'Dawa_43__གུས་ཞབས་བྱས་འི་ཕན་ཡོན།2.txt'), 
('shawo33.txt', 'shawodolma__71 ཉིན་གཅིག་གི་བྱེད་སྒོ།.txt'), 
('khar5.txt', 'Khando Dolma___50རིན་པོ་ཆེ་བཙུན་དགོན་ལ་ཕེབས་བསུ།.txt'), 
('5 Chokdup.txt', 'Kunkyab_64__ཆོ་ག་འདོན་སྟངས་སྐོར།.txt'), 
('khando7.txt', 'Sangye Khar_25ས་འཚལ་སྟངས།__གྲྭ་ཆས་གོན་སྟངས་དང་ཕྱག་འཚལ་སྟངས༡.txt'), 
('shawo17.txt', 'shawo dolma_8སྟོན་པའི་སྐུ་འདྲ་ལ་ཕྱགས་འཚལ་པ།__REC017_2.txt'), 
('khando39.txt', 'Kunkyab_45པ།__གནམ་གཤིས་འགྱུར་བ་འགྲོ་བ༢.txt'), 
('9 Chokdup.txt', 'Kunkyab_82་__སློབ་མས་སློབ་སྦྱོང་གི་བརྒྱུད་རིམ༢.txt'), 
('shawo31.txt', 'shawo dolma6བསྡུས་གྲྭ་བསྐྱར་སྦྱོང་།__REC001_2.txt'), 
('khando13.txt', 'Sangye Khar_59།__གཏོར་མ་བཟོ་སྟངས༢.txt'), 
('Dorji Tsering6.txt', 'Jampa__73དགེ་རྒན་གྱི་ནོར་འཁྲུལ་བཏོན་པ།.txt'), 
('shawo8.txt', 'Chokdup_30__བོད་ཡིག་ཀློག་རྩལ་དང་འབྲི་རྩལ།2.txt'), 
('khando6.txt', 'Sangye Khar_40།__ཕ་མའི་བཀའ་དྲིན་སྐོར༢.txt'), 
('khar10.txt', 'Khando Dolma61སློབ་སྦྱོང་དང་མཉམ་ལེན་བྱེད་སྟངས།__REC032_2.txt'), 
('shawo2.txt', 'Chokdup_36__ཕན་ཚུན་སྐུལ་མ་བྱས་ནས་འདུལ་ཁྲིམས་སྲུང་པ།2.txt'), 
('Dorji Tsering8.txt', 'Jampa__75སློབ་མ་ཞིག་གིས་མོ་རང་བཙུན་མ་ཆགས་ཐད་ཀྱི་དོགས་གཞི.txt'), 
('Jampa 19.txt', 'Dawa_44__གཞན་ལ་བསམ་བློ་གཏོང་རྒྱུ།2.txt'), 
('Dorji Tsering13.txt', 'Jampa54ཚོགས་ཁང་གཙང་མ་བཟོ་བ།__REC022_1.txt'), 
('3Chokdup.txt', 'Kunkyab_47།__བརྙན་ལེན་སྟངས་དང་བརྙན་སྒྲིག་སྟངས༡.txt'), 
('Dorji Tsering5.txt', 'Dawa__11སྔགས་དང་ཁ་འདོན.txt'), 
('Jampa 22.txt', 'Dawa_63__བཙུན་མ་རྣམས་ཀྱིས་རིན་པོ་ཆེར་ཞལ་ལག་འབུལ་བ།1.txt'), 
('Jampa 23.txt', 'Dawa_63__བཙུན་མ་རྣམས་ཀྱིས་རིན་པོ་ཆེར་ཞལ་ལག་འབུལ་བ།2.txt'), 
('shawo16.txt', 'shawo dolma8སྟོན་པའི་སྐུ་འདྲ་ལ་ཕྱགས་འཚལ་པ།__REC017_1.txt'), 
('khar20.txt', 'Khando Dolma33མགྱོགས་པོ་བྱས་ནས་མང་པོ་འདོན་པ།__REC018_2.txt'), 
('khar8.txt', 'Khando Dolma65གཞུང་བཀའ་པོད་ལྔའི་སྐོར།__REC017_2.txt'), 
('khar11.txt', 'Khando Dolma61སློབ་སྦྱོང་དང་མཉམ་ལེན་བྱེད་སྟངས།__REC032_3.txt'), 
('palgun dawa 44.txt', 'Kunkyab_36ཕན་ཚུལ།__ཕན་ཚུན་སྐུལ་མ་བྱས་ནས་འདུལ་ཁྲིམས༡.txt'), 
('Jampa 13.txt', 'Dawa_29 __བསྡུས་གྲྭ་དང་བོད་ཡིན་སློབ་པ།2.txt'), 
('khando17.txt', 'Sangye Khar_38།__སངས་རྒྱས་དང་བྱང་ཆུབ་སེམས་དཔའ༢.txt'), 
('shawo9.txt', 'Chokdup_30__བོད་ཡིག་ཀློག་རྩལ་དང་འབྲི་རྩལ།3.txt'), 
('shawo20.txt', 'shawo dolma4སྒྲིག་ཁྲིམས་ཀྱི་ཐོག་ལ་གྲོས་བསྡུར་བྱེད་པའི་སྐོར།__REC010_1.txt'), 
('Dorji Tsering9.txt', 'Jampa__76སློབ་མས་སློབ་ཚན་ཏག་ཏག་མགོ་མ་ཚོས་པ།.txt'), 
('8 Chokdup.txt', 'Kunkyab_82་__སློབ་མས་སློབ་སྦྱོང་གི་བརྒྱུད་རིམ༡.txt'), 
('khando15.txt', 'Sangye Khar_77སློ གློ་རྒྱག་པ།__སློབ་མ་མགོ་ན་བ་དང་། གློ་རྒྱག་པ༢.txt'), 
('khar3.txt', 'Khando Dolma_24།__24 བླ་མས་སློབ་མ་རྣམས་ལ་ངེས་འབྱུང་སྐྱེ་འཇུག་པ.txt'), 
('13 Chokdup.txt', 'Kunkyab_༡༣།__ལམ་རིམ་བློ་སྦྱོང་སྐོར་ལ་གྲོས་བསྡུར་བྱེད་པ༤.txt'), 
('khando21.txt', 'Sangye Khar_68།__སྐྱབས་འགྲོ་དང་ལམ་རིམ་བློ་སྦྱོང་སྐོར༤.txt'), 
('shawo4.txt', 'Chokdup_53__བཀྲིས་ཉལ་ཁང་དུ་ལོག་ནས་ངལ་གསོ་འདོད་པ།2.txt'), 
('Jampa 11.txt', 'Dawa__9བཀྲིས་ཀྱིས་བདེ་སྐྱིད་ལ་སྔོ་ཚལ་གཏུབ་སྟངས།.txt'), 
('15 Chokdup.txt', 'Kunkyab_༡༣།__ལམ་རིམ་བློ་སྦྱོང་སྐོར་ལ་གྲོས་བསྡུར་བྱེད་པ༦.txt'), 
('shawo13.txt', 'shawo dolma62དགེ་འདུན་པའི་གྲངས་ཀ__REC015_1.txt'), 
('khando1.txt', 'SangyeKhar__8 མུ་མཐུད་ནས་གྲྭ་པ་ཡོང་ཕྱིར་་་་.txt'), 
('khar23.txt', 'Khando Dolma_46འཛིན་གྲྭའི་རེའི་མིག__REC008.txt'), 
('Dorji Tsering16.txt', 'Jampa_3གཞན་ལ་ཞེ་སྡང་དང་ང་རྒྱལ་འགོག་པ།__REC029_2.txt'), 
('Jampa 14.txt', 'Dawa_35__མི་གཅིག་གིས་དགེ་བའི་ལས་གང་བསྒྲུབས་པ་དེའི་སྐོར།1.txt'), 
('palgun dawa 46.txt', 'Kunkyab_37།__སྟོན་པ་རྗེ་ཙོང་ཁ་པའི་གོ་འཕངས༢.txt'), 
('khando9.txt', 'Sangye Khar_25ྱགས་འཚལ་སྟངས།__གྲྭ་ཆས་གོན་སྟངས་དང་ཕྲག་འཚལ་སྟངས༣.txt'), 
('palgun dawa 47.txt', 'Kunkyab_37།__སྟོན་པ་རྗེ་ཙོང་ཁ་པའི་གོ་འཕངས༡.txt'), 
('Jampa 12.txt', 'Dawa_29 __བསྡུས་གྲྭ་དང་བོད་ཡིན་སློབ་པ།1.txt'), 
('khando12.txt', 'Sangye Khar_59།__གཏོར་མ་བཟོ་སྟངས༡.txt'), 
('18 Chokdup.txt', 'Kunkyab_17།__བོད་སྐད་སློབ་པ་དང་སྦྱོང་བའི་སྐོར༣.txt'), 
('khando16.txt', 'Sangye Khar_38།__སངས་རྒྱས་དང་བྱང་ཆུབ་སེམས་དཔའ༡.txt'), 
('shawo3.txt', 'Chokdup_53__བཀྲིས་ཉལ་ཁང་དུ་ལོག་ནས་ངལ་གསོ་འདོད་པ།1.txt'), 
('Dorji Tsering2.txt', 'Jampa__5 མཚན་མོ་གཉིད་ཁུག་ཡ་མ་་བྱུང་་་་་་་.txt'), 
('khando41.txt', 'Kunkyab_57ཁ་ལག་དང་། ་ཁག__ཁ་ལག་དང་ཉིན་རེའི་དགོས་མཁོ༢.txt'), 
('Jampa 25.txt', 'Dawa_69__བླ་མས་ཆོས་ཀྱི་མཇུག་སྡོམ་གནད་བསྡུས་གསུངས་པ།2.txt'), 
('khar6.txt', 'Khando Dolma_ཊཱ་མ་རུ་དང་བསྐང་གསོལ་སྐོར།__60.txt'), 
('16 Chokdup.txt', 'Kunkyab_17།__བོད་སྐད་སློབ་པ་དང་སྦྱོང་བའི་སྐོར༡.txt'), 
('khar9.txt', 'Khando Dolma61སློབ་སྦྱོང་དང་མཉམ་ལེན་བྱེད་སྟངས།__REC032_1.txt'), 
('khar26.txt', 'Khando Dolma51ཆོས་ཀྱི་བྱེད་སྒོ་ཞིག་གི་སྔོན་དུ__REC002_2.txt'), 
('Jampa 5.txt', 'Dawa_67__ལྷ་ཁང་དང་ཡུལ་ལྗོངས་གཙང་མ་བཟོ་བ།1.txt'), 
('shawo10.txt', 'shawo dolma28འཛིན་གྲོགས་ག་འདྲ་བསྟེན་དགོས་མིན།__REC001_1.txt'), 
('shawo6.txt', 'Chokdup_31__བགྲོ་གླེང་གི་སྐོར་བཤད་པ།2.txt'), 
('Jampa 18.txt', 'Dawa_44__གཞན་ལ་བསམ་བློ་གཏོང་རྒྱུ།1.txt'), 
('shawo7.txt', 'Chokdup_30__བོད་ཡིག་ཀློག་རྩལ་དང་འབྲི་རྩལ།1.txt'), 
('shawo26.txt', 'shawo dolma_དྲ་ལམ་བརྒྱུད་ནས་བསྡུས་གྲྭ་ཁྲིད་པ།__15 1.txt'), 
('shawo24.txt', 'shawo dolma_4སྒྲིག་ཁྲིམས་ཀྱི་ཐོག་ལ་གྲོས་བསྡུར་བྱེད་པའི་སྐོར།__REC010_5.txt'), 
('Jampa 1.txt', 'Dawa_48__འཛིན་གྲའི་སློབ་མའི་གནས་སྟངས་སྐོར།1.txt'), 
('shawo32.txt', 'shawo lma__4གྲྭ་ཤག་སྐམ་རློམ་སོགས་ཇི་ལྟར་ཡར་རྒྱུས་གཏོང་ཚུལ་སྐོར།.txt'), 
('shawo21.txt', 'shawo dolma_4སྒྲིག་ཁྲིམས་ཀྱི་ཐོག་ལ་གྲོས་བསྡུར་བྱེད་པའི་སྐོར།__REC010_2.txt'), 
('Jampa 27.txt', 'Dawa_8དགེ་རྒན་དང་བླ་མའི་ཡོན་ཏན།__REC005_2.txt'), 
('khar22.txt', 'Khando Dolma_4ཕ་མའི་བཀའ་དྲིན་སྐོར།__REC0013_2.txt'), 
('6 Chokdup.txt', 'Kunkyab_66།__བོད་སྐད་ཡིག་གི་གནས་ཚད་མཐོ་རུ་གཏོང་སྟངས༡.txt'), 
('shawo25.txt', 'shawo dolma_4སྒྲིག་ཁྲིམས་ཀྱི་ཐོག་ལ་གྲོས་བསྡུར་བྱེད་པའི་སྐོར།__REC010_6.txt'), 
('khando8.txt', 'Sangye Khar_25ས་འཚལ་སྟངས།__གྲྭ་ཆས་གོན་སྟངས་དང་ཕྱག་འཚལ་སྟངས༢.txt'), 
('Jampa 28.txt', 'Dawa_81__དགོན་པར་མཇལ་བསྐོར།1.txt'), 
('khando5.txt', 'Sangye Khar_40།__ཕ་མའི་བཀའ་དྲིན་སྐོར༡.txt'), 
('Jampa 3.txt', 'Dawa_49__བཙུན་དགོན་དུ་རིན་པོ་ཆེ་ཆོས་གསུང་ཀ་ཕེབས་པ།1.txt'), 
('shawo12.txt', 'shawo dolma28འཛིན་གྲོགས་ག་འདྲ་བསྟེན་དགོས་མིན།__REC001_3.txt'), 
('khar4.txt', 'Khando Dolma___50རིན་པོ་ཆེ་བཙུན་དགོན་ལ་ཕེབས་བསུ། (2).txt'), 
('Dorji Tsering12.txt', 'Jampa_4གནའ་བོའི་དམ་པ་གོང་མ་རྣམས།__REC011_2.txt'), 
('khar7.txt', 'Khando Dolma65གཞུང་བཀའ་པོད་ལྔའི་སྐོར།__REC017_1.txt'), 
('Jampa 8.txt', 'Dawa_13__བླ་མ་བསྟེན་ཚུལ་དང་། འཆི་བ། ལས་དབང་།2.txt'), 
('shawo5.txt', 'Chokdup_31__བགྲོ་གླེང་གི་སྐོར་བཤད་པ།1.txt')]
162
